<?xml version="1.0" encoding="UTF-8"?>
<!-- Generated by org.testng.reporters.JUnitXMLReporter -->
<testsuite hostname="AUTOMATION-MACs-iMac.local" ignored="0" name="Default test" tests="3" failures="0" timestamp="2023-02-08T14:54:38 IST" time="40.005" errors="0">
  <testcase name="submitOrder" time="9.253" classname="SeleniumFramework.StandAloneTest"/>
  <testcase name="submitOrder" time="9.111" classname="SeleniumFramework.StandAloneTest"/>
  <testcase name="submitOrder" time="9.214" classname="SeleniumFramework.StandAloneTest"/>
</testsuite> <!-- Default test -->
