<?xml version="1.0" encoding="UTF-8"?>
<!-- Generated by org.testng.reporters.JUnitXMLReporter -->
<testsuite hostname="AUTOMATION-MACs-iMac.local" ignored="0" name="Submit Order" tests="3" failures="0" timestamp="2023-02-08T15:02:25 IST" time="35.355" errors="0">
  <testcase name="submitOrder" time="9.275" classname="SeleniumFramework.StandAloneTest"/>
  <testcase name="submitOrder" time="9.183" classname="SeleniumFramework.StandAloneTest"/>
  <testcase name="submitOrder" time="9.166" classname="SeleniumFramework.StandAloneTest"/>
</testsuite> <!-- Submit Order -->
